UpdateCTestConfiguration  from :/Users/ittehad/Documents/Coding/Python/Turing/Tester_cpp_copy/tasks/621206/build/DartConfiguration.tcl
UpdateCTestConfiguration  from :/Users/ittehad/Documents/Coding/Python/Turing/Tester_cpp_copy/tasks/621206/build/DartConfiguration.tcl
Test project /Users/ittehad/Documents/Coding/Python/Turing/Tester_cpp_copy/tasks/621206/build
Constructing a list of tests
Done constructing a list of tests
Updating test list for fixtures
Added 0 tests to meet fixture requirements
Checking test dependency graph...
Checking test dependency graph end
test 1
      Start  1: base_code_tests

1: Test command: /Users/ittehad/Documents/Coding/Python/Turing/Tester_cpp_copy/tasks/621206/build/base_code_tests
1: Working Directory: /Users/ittehad/Documents/Coding/Python/Turing/Tester_cpp_copy/tasks/621206/build
1: Test timeout computed to be: 5
1: Running main() from /Users/ittehad/Documents/Coding/Python/Turing/Tester_cpp_copy/tasks/621206/build/_deps/googletest-src/googletest/src/gtest_main.cc
1: [==========] Running 7 tests from 1 test suite.
1: [----------] Global test environment set-up.
1: [----------] 7 tests from SubsetSumTest
1: [ RUN      ] SubsetSumTest.Test1
1: [       OK ] SubsetSumTest.Test1 (0 ms)
1: [ RUN      ] SubsetSumTest.Test2
1: [       OK ] SubsetSumTest.Test2 (0 ms)
1: [ RUN      ] SubsetSumTest.Test3
1: [       OK ] SubsetSumTest.Test3 (0 ms)
1: [ RUN      ] SubsetSumTest.Test4
1: [       OK ] SubsetSumTest.Test4 (29 ms)
1: [ RUN      ] SubsetSumTest.Test5
1: /Users/ittehad/Documents/Coding/Python/Turing/Tester_cpp_copy/tasks/621206/tests/test_model.cpp:40: Failure
1: Expected equality of these values:
1:   result
1:     Which is: { 2, 3, 4 }
1:   std::vector<int>({1, 3, 5})
1:     Which is: { 1, 3, 5 }
1: 
1: [  FAILED  ] SubsetSumTest.Test5 (0 ms)
1: [ RUN      ] SubsetSumTest.Test6
1: [       OK ] SubsetSumTest.Test6 (0 ms)
1: [ RUN      ] SubsetSumTest.Test7
1: [       OK ] SubsetSumTest.Test7 (178 ms)
1: [----------] 7 tests from SubsetSumTest (208 ms total)
1: 
1: [----------] Global test environment tear-down
1: [==========] 7 tests from 1 test suite ran. (208 ms total)
1: [  PASSED  ] 6 tests.
1: [  FAILED  ] 1 test, listed below:
1: [  FAILED  ] SubsetSumTest.Test5
1: 
1:  1 FAILED TEST
 1/13 Test  #1: base_code_tests ..................***Failed    1.08 sec
test 2
      Start  2: correct_response_tests

2: Test command: /Users/ittehad/Documents/Coding/Python/Turing/Tester_cpp_copy/tasks/621206/build/correct_response_tests
2: Working Directory: /Users/ittehad/Documents/Coding/Python/Turing/Tester_cpp_copy/tasks/621206/build
2: Test timeout computed to be: 5
2: Running main() from /Users/ittehad/Documents/Coding/Python/Turing/Tester_cpp_copy/tasks/621206/build/_deps/googletest-src/googletest/src/gtest_main.cc
2: [==========] Running 7 tests from 1 test suite.
2: [----------] Global test environment set-up.
2: [----------] 7 tests from SubsetSumTest
2: [ RUN      ] SubsetSumTest.Test1
2: [       OK ] SubsetSumTest.Test1 (0 ms)
2: [ RUN      ] SubsetSumTest.Test2
2: [       OK ] SubsetSumTest.Test2 (0 ms)
2: [ RUN      ] SubsetSumTest.Test3
2: [       OK ] SubsetSumTest.Test3 (0 ms)
2: [ RUN      ] SubsetSumTest.Test4
2: [       OK ] SubsetSumTest.Test4 (13 ms)
2: [ RUN      ] SubsetSumTest.Test5
2: [       OK ] SubsetSumTest.Test5 (0 ms)
2: [ RUN      ] SubsetSumTest.Test6
2: [       OK ] SubsetSumTest.Test6 (0 ms)
2: [ RUN      ] SubsetSumTest.Test7
2: [       OK ] SubsetSumTest.Test7 (87 ms)
2: [----------] 7 tests from SubsetSumTest (100 ms total)
2: 
2: [----------] Global test environment tear-down
2: [==========] 7 tests from 1 test suite ran. (100 ms total)
2: [  PASSED  ] 7 tests.
 2/13 Test  #2: correct_response_tests ...........   Passed    0.52 sec
test 3
      Start  3: incorrect_response_tests

3: Test command: /Users/ittehad/Documents/Coding/Python/Turing/Tester_cpp_copy/tasks/621206/build/incorrect_response_tests
3: Working Directory: /Users/ittehad/Documents/Coding/Python/Turing/Tester_cpp_copy/tasks/621206/build
3: Test timeout computed to be: 5
3: Running main() from /Users/ittehad/Documents/Coding/Python/Turing/Tester_cpp_copy/tasks/621206/build/_deps/googletest-src/googletest/src/gtest_main.cc
3: [==========] Running 7 tests from 1 test suite.
3: [----------] Global test environment set-up.
3: [----------] 7 tests from SubsetSumTest
3: [ RUN      ] SubsetSumTest.Test1
3: [       OK ] SubsetSumTest.Test1 (0 ms)
3: [ RUN      ] SubsetSumTest.Test2
3: [       OK ] SubsetSumTest.Test2 (0 ms)
3: [ RUN      ] SubsetSumTest.Test3
3: [       OK ] SubsetSumTest.Test3 (0 ms)
3: [ RUN      ] SubsetSumTest.Test4
3: [       OK ] SubsetSumTest.Test4 (16 ms)
3: [ RUN      ] SubsetSumTest.Test5
3: [       OK ] SubsetSumTest.Test5 (0 ms)
3: [ RUN      ] SubsetSumTest.Test6
3: [       OK ] SubsetSumTest.Test6 (0 ms)
3: [ RUN      ] SubsetSumTest.Test7
3: /Users/ittehad/Documents/Coding/Python/Turing/Tester_cpp_copy/tasks/621206/tests/test_model.cpp:55: Failure
3: Expected equality of these values:
3:   result
3:     Which is: {}
3:   std::vector<int>({100000, 100000, 100000, 100000, 100000})
3:     Which is: { 100000, 100000, 100000, 100000, 100000 }
3: 
3: [  FAILED  ] SubsetSumTest.Test7 (87 ms)
3: [----------] 7 tests from SubsetSumTest (104 ms total)
3: 
3: [----------] Global test environment tear-down
3: [==========] 7 tests from 1 test suite ran. (104 ms total)
3: [  PASSED  ] 6 tests.
3: [  FAILED  ] 1 test, listed below:
3: [  FAILED  ] SubsetSumTest.Test7
3: 
3:  1 FAILED TEST
 3/13 Test  #3: incorrect_response_tests .........***Failed    0.52 sec
test 4
      Start  4: model1_tests

4: Test command: /Users/ittehad/Documents/Coding/Python/Turing/Tester_cpp_copy/tasks/621206/build/model1_tests
4: Working Directory: /Users/ittehad/Documents/Coding/Python/Turing/Tester_cpp_copy/tasks/621206/build
4: Test timeout computed to be: 5
4: Running main() from /Users/ittehad/Documents/Coding/Python/Turing/Tester_cpp_copy/tasks/621206/build/_deps/googletest-src/googletest/src/gtest_main.cc
4: [==========] Running 7 tests from 1 test suite.
4: [----------] Global test environment set-up.
4: [----------] 7 tests from SubsetSumTest
4: [ RUN      ] SubsetSumTest.Test1
4: [       OK ] SubsetSumTest.Test1 (0 ms)
4: [ RUN      ] SubsetSumTest.Test2
4: [       OK ] SubsetSumTest.Test2 (0 ms)
4: [ RUN      ] SubsetSumTest.Test3
4: [       OK ] SubsetSumTest.Test3 (0 ms)
4: [ RUN      ] SubsetSumTest.Test4
4: [       OK ] SubsetSumTest.Test4 (14 ms)
4: [ RUN      ] SubsetSumTest.Test5
4: [       OK ] SubsetSumTest.Test5 (0 ms)
4: [ RUN      ] SubsetSumTest.Test6
4: [       OK ] SubsetSumTest.Test6 (0 ms)
4: [ RUN      ] SubsetSumTest.Test7
4: /Users/ittehad/Documents/Coding/Python/Turing/Tester_cpp_copy/tasks/621206/tests/test_model.cpp:55: Failure
4: Expected equality of these values:
4:   result
4:     Which is: {}
4:   std::vector<int>({100000, 100000, 100000, 100000, 100000})
4:     Which is: { 100000, 100000, 100000, 100000, 100000 }
4: 
4: [  FAILED  ] SubsetSumTest.Test7 (85 ms)
4: [----------] 7 tests from SubsetSumTest (99 ms total)
4: 
4: [----------] Global test environment tear-down
4: [==========] 7 tests from 1 test suite ran. (99 ms total)
4: [  PASSED  ] 6 tests.
4: [  FAILED  ] 1 test, listed below:
4: [  FAILED  ] SubsetSumTest.Test7
4: 
4:  1 FAILED TEST
 4/13 Test  #4: model1_tests .....................***Failed    0.54 sec
test 5
      Start  5: model10_tests

5: Test command: /Users/ittehad/Documents/Coding/Python/Turing/Tester_cpp_copy/tasks/621206/build/model10_tests
5: Working Directory: /Users/ittehad/Documents/Coding/Python/Turing/Tester_cpp_copy/tasks/621206/build
5: Test timeout computed to be: 5
5: Running main() from /Users/ittehad/Documents/Coding/Python/Turing/Tester_cpp_copy/tasks/621206/build/_deps/googletest-src/googletest/src/gtest_main.cc
5: [==========] Running 7 tests from 1 test suite.
5: [----------] Global test environment set-up.
5: [----------] 7 tests from SubsetSumTest
5: [ RUN      ] SubsetSumTest.Test1
5: [       OK ] SubsetSumTest.Test1 (0 ms)
5: [ RUN      ] SubsetSumTest.Test2
5: [       OK ] SubsetSumTest.Test2 (0 ms)
5: [ RUN      ] SubsetSumTest.Test3
5: /Users/ittehad/Documents/Coding/Python/Turing/Tester_cpp_copy/tasks/621206/tests/test_model.cpp:25: Failure
5: Expected equality of these values:
5:   result
5:     Which is: { 2, 3 }
5:   std::vector<int>({5})
5:     Which is: { 5 }
5: 
5: [  FAILED  ] SubsetSumTest.Test3 (0 ms)
5: [ RUN      ] SubsetSumTest.Test4
5: [       OK ] SubsetSumTest.Test4 (36 ms)
5: [ RUN      ] SubsetSumTest.Test5
5: /Users/ittehad/Documents/Coding/Python/Turing/Tester_cpp_copy/tasks/621206/tests/test_model.cpp:40: Failure
5: Expected equality of these values:
5:   result
5:     Which is: { 2, 3, 4 }
5:   std::vector<int>({1, 3, 5})
5:     Which is: { 1, 3, 5 }
5: 
5: [  FAILED  ] SubsetSumTest.Test5 (0 ms)
5: [ RUN      ] SubsetSumTest.Test6
5: [       OK ] SubsetSumTest.Test6 (0 ms)
5: [ RUN      ] SubsetSumTest.Test7
5: /Users/ittehad/Documents/Coding/Python/Turing/Tester_cpp_copy/tasks/621206/tests/test_model.cpp:55: Failure
5: Expected equality of these values:
5:   result
5:     Which is: { 50000, 50000, 100000, 100000, 100000, 100000 }
5:   std::vector<int>({100000, 100000, 100000, 100000, 100000})
5:     Which is: { 100000, 100000, 100000, 100000, 100000 }
5: 
5: [  FAILED  ] SubsetSumTest.Test7 (262 ms)
5: [----------] 7 tests from SubsetSumTest (299 ms total)
5: 
5: [----------] Global test environment tear-down
5: [==========] 7 tests from 1 test suite ran. (299 ms total)
5: [  PASSED  ] 4 tests.
5: [  FAILED  ] 3 tests, listed below:
5: [  FAILED  ] SubsetSumTest.Test3
5: [  FAILED  ] SubsetSumTest.Test5
5: [  FAILED  ] SubsetSumTest.Test7
5: 
5:  3 FAILED TESTS
 5/13 Test  #5: model10_tests ....................***Failed    0.72 sec
test 6
      Start  6: model2_tests

6: Test command: /Users/ittehad/Documents/Coding/Python/Turing/Tester_cpp_copy/tasks/621206/build/model2_tests
6: Working Directory: /Users/ittehad/Documents/Coding/Python/Turing/Tester_cpp_copy/tasks/621206/build
6: Test timeout computed to be: 5
6: Running main() from /Users/ittehad/Documents/Coding/Python/Turing/Tester_cpp_copy/tasks/621206/build/_deps/googletest-src/googletest/src/gtest_main.cc
6: [==========] Running 7 tests from 1 test suite.
6: [----------] Global test environment set-up.
6: [----------] 7 tests from SubsetSumTest
6: [ RUN      ] SubsetSumTest.Test1
6: [       OK ] SubsetSumTest.Test1 (0 ms)
6: [ RUN      ] SubsetSumTest.Test2
6: [       OK ] SubsetSumTest.Test2 (0 ms)
6: [ RUN      ] SubsetSumTest.Test3
6: [       OK ] SubsetSumTest.Test3 (0 ms)
6: [ RUN      ] SubsetSumTest.Test4
6: [       OK ] SubsetSumTest.Test4 (17 ms)
6: [ RUN      ] SubsetSumTest.Test5
6: [       OK ] SubsetSumTest.Test5 (0 ms)
6: [ RUN      ] SubsetSumTest.Test6
6: [       OK ] SubsetSumTest.Test6 (0 ms)
6: [ RUN      ] SubsetSumTest.Test7
6: /Users/ittehad/Documents/Coding/Python/Turing/Tester_cpp_copy/tasks/621206/tests/test_model.cpp:55: Failure
6: Expected equality of these values:
6:   result
6:     Which is: {}
6:   std::vector<int>({100000, 100000, 100000, 100000, 100000})
6:     Which is: { 100000, 100000, 100000, 100000, 100000 }
6: 
6: [  FAILED  ] SubsetSumTest.Test7 (89 ms)
6: [----------] 7 tests from SubsetSumTest (106 ms total)
6: 
6: [----------] Global test environment tear-down
6: [==========] 7 tests from 1 test suite ran. (106 ms total)
6: [  PASSED  ] 6 tests.
6: [  FAILED  ] 1 test, listed below:
6: [  FAILED  ] SubsetSumTest.Test7
6: 
6:  1 FAILED TEST
 6/13 Test  #6: model2_tests .....................***Failed    0.80 sec
test 7
      Start  7: model3_tests

7: Test command: /Users/ittehad/Documents/Coding/Python/Turing/Tester_cpp_copy/tasks/621206/build/model3_tests
7: Working Directory: /Users/ittehad/Documents/Coding/Python/Turing/Tester_cpp_copy/tasks/621206/build
7: Test timeout computed to be: 5
7: Running main() from /Users/ittehad/Documents/Coding/Python/Turing/Tester_cpp_copy/tasks/621206/build/_deps/googletest-src/googletest/src/gtest_main.cc
7: [==========] Running 7 tests from 1 test suite.
7: [----------] Global test environment set-up.
7: [----------] 7 tests from SubsetSumTest
7: [ RUN      ] SubsetSumTest.Test1
7: [       OK ] SubsetSumTest.Test1 (0 ms)
7: [ RUN      ] SubsetSumTest.Test2
7: [       OK ] SubsetSumTest.Test2 (0 ms)
7: [ RUN      ] SubsetSumTest.Test3
7: [       OK ] SubsetSumTest.Test3 (0 ms)
7: [ RUN      ] SubsetSumTest.Test4
7: [       OK ] SubsetSumTest.Test4 (18 ms)
7: [ RUN      ] SubsetSumTest.Test5
7: [       OK ] SubsetSumTest.Test5 (0 ms)
7: [ RUN      ] SubsetSumTest.Test6
7: [       OK ] SubsetSumTest.Test6 (0 ms)
7: [ RUN      ] SubsetSumTest.Test7
7: /Users/ittehad/Documents/Coding/Python/Turing/Tester_cpp_copy/tasks/621206/tests/test_model.cpp:55: Failure
7: Expected equality of these values:
7:   result
7:     Which is: { 50000, 50000, 100000, 100000, 100000, 100000 }
7:   std::vector<int>({100000, 100000, 100000, 100000, 100000})
7:     Which is: { 100000, 100000, 100000, 100000, 100000 }
7: 
7: [  FAILED  ] SubsetSumTest.Test7 (191 ms)
7: [----------] 7 tests from SubsetSumTest (210 ms total)
7: 
7: [----------] Global test environment tear-down
7: [==========] 7 tests from 1 test suite ran. (210 ms total)
7: [  PASSED  ] 6 tests.
7: [  FAILED  ] 1 test, listed below:
7: [  FAILED  ] SubsetSumTest.Test7
7: 
7:  1 FAILED TEST
 7/13 Test  #7: model3_tests .....................***Failed    0.59 sec
test 8
      Start  8: model4_tests

8: Test command: /Users/ittehad/Documents/Coding/Python/Turing/Tester_cpp_copy/tasks/621206/build/model4_tests
8: Working Directory: /Users/ittehad/Documents/Coding/Python/Turing/Tester_cpp_copy/tasks/621206/build
8: Test timeout computed to be: 5
8: Running main() from /Users/ittehad/Documents/Coding/Python/Turing/Tester_cpp_copy/tasks/621206/build/_deps/googletest-src/googletest/src/gtest_main.cc
8: [==========] Running 7 tests from 1 test suite.
8: [----------] Global test environment set-up.
8: [----------] 7 tests from SubsetSumTest
8: [ RUN      ] SubsetSumTest.Test1
8: [       OK ] SubsetSumTest.Test1 (0 ms)
8: [ RUN      ] SubsetSumTest.Test2
8: [       OK ] SubsetSumTest.Test2 (0 ms)
8: [ RUN      ] SubsetSumTest.Test3
8: [       OK ] SubsetSumTest.Test3 (0 ms)
8: [ RUN      ] SubsetSumTest.Test4
8: [       OK ] SubsetSumTest.Test4 (7 ms)
8: [ RUN      ] SubsetSumTest.Test5
8: [       OK ] SubsetSumTest.Test5 (0 ms)
8: [ RUN      ] SubsetSumTest.Test6
8: [       OK ] SubsetSumTest.Test6 (0 ms)
8: [ RUN      ] SubsetSumTest.Test7
8: /Users/ittehad/Documents/Coding/Python/Turing/Tester_cpp_copy/tasks/621206/tests/test_model.cpp:55: Failure
8: Expected equality of these values:
8:   result
8:     Which is: {}
8:   std::vector<int>({100000, 100000, 100000, 100000, 100000})
8:     Which is: { 100000, 100000, 100000, 100000, 100000 }
8: 
8: [  FAILED  ] SubsetSumTest.Test7 (80 ms)
8: [----------] 7 tests from SubsetSumTest (87 ms total)
8: 
8: [----------] Global test environment tear-down
8: [==========] 7 tests from 1 test suite ran. (87 ms total)
8: [  PASSED  ] 6 tests.
8: [  FAILED  ] 1 test, listed below:
8: [  FAILED  ] SubsetSumTest.Test7
8: 
8:  1 FAILED TEST
 8/13 Test  #8: model4_tests .....................***Failed    0.73 sec
test 9
      Start  9: model5_tests

9: Test command: /Users/ittehad/Documents/Coding/Python/Turing/Tester_cpp_copy/tasks/621206/build/model5_tests
9: Working Directory: /Users/ittehad/Documents/Coding/Python/Turing/Tester_cpp_copy/tasks/621206/build
9: Test timeout computed to be: 5
9: Running main() from /Users/ittehad/Documents/Coding/Python/Turing/Tester_cpp_copy/tasks/621206/build/_deps/googletest-src/googletest/src/gtest_main.cc
9: [==========] Running 7 tests from 1 test suite.
9: [----------] Global test environment set-up.
9: [----------] 7 tests from SubsetSumTest
9: [ RUN      ] SubsetSumTest.Test1
9: [       OK ] SubsetSumTest.Test1 (0 ms)
9: [ RUN      ] SubsetSumTest.Test2
9: [       OK ] SubsetSumTest.Test2 (0 ms)
9: [ RUN      ] SubsetSumTest.Test3
9: [       OK ] SubsetSumTest.Test3 (0 ms)
9: [ RUN      ] SubsetSumTest.Test4
9: [       OK ] SubsetSumTest.Test4 (30 ms)
9: [ RUN      ] SubsetSumTest.Test5
9: [       OK ] SubsetSumTest.Test5 (0 ms)
9: [ RUN      ] SubsetSumTest.Test6
9: [       OK ] SubsetSumTest.Test6 (0 ms)
9: [ RUN      ] SubsetSumTest.Test7
9: /Users/ittehad/Documents/Coding/Python/Turing/Tester_cpp_copy/tasks/621206/tests/test_model.cpp:55: Failure
9: Expected equality of these values:
9:   result
9:     Which is: {}
9:   std::vector<int>({100000, 100000, 100000, 100000, 100000})
9:     Which is: { 100000, 100000, 100000, 100000, 100000 }
9: 
9: [  FAILED  ] SubsetSumTest.Test7 (352 ms)
9: [----------] 7 tests from SubsetSumTest (382 ms total)
9: 
9: [----------] Global test environment tear-down
9: [==========] 7 tests from 1 test suite ran. (382 ms total)
9: [  PASSED  ] 6 tests.
9: [  FAILED  ] 1 test, listed below:
9: [  FAILED  ] SubsetSumTest.Test7
9: 
9:  1 FAILED TEST
 9/13 Test  #9: model5_tests .....................***Failed    1.03 sec
test 10
      Start 10: model6_tests

10: Test command: /Users/ittehad/Documents/Coding/Python/Turing/Tester_cpp_copy/tasks/621206/build/model6_tests
10: Working Directory: /Users/ittehad/Documents/Coding/Python/Turing/Tester_cpp_copy/tasks/621206/build
10: Test timeout computed to be: 5
10: Running main() from /Users/ittehad/Documents/Coding/Python/Turing/Tester_cpp_copy/tasks/621206/build/_deps/googletest-src/googletest/src/gtest_main.cc
10: [==========] Running 7 tests from 1 test suite.
10: [----------] Global test environment set-up.
10: [----------] 7 tests from SubsetSumTest
10: [ RUN      ] SubsetSumTest.Test1
10: [       OK ] SubsetSumTest.Test1 (0 ms)
10: [ RUN      ] SubsetSumTest.Test2
10: [       OK ] SubsetSumTest.Test2 (0 ms)
10: [ RUN      ] SubsetSumTest.Test3
10: [       OK ] SubsetSumTest.Test3 (0 ms)
10: [ RUN      ] SubsetSumTest.Test4
10: [       OK ] SubsetSumTest.Test4 (33 ms)
10: [ RUN      ] SubsetSumTest.Test5
10: [       OK ] SubsetSumTest.Test5 (0 ms)
10: [ RUN      ] SubsetSumTest.Test6
10: [       OK ] SubsetSumTest.Test6 (0 ms)
10: [ RUN      ] SubsetSumTest.Test7
10: /Users/ittehad/Documents/Coding/Python/Turing/Tester_cpp_copy/tasks/621206/tests/test_model.cpp:55: Failure
10: Expected equality of these values:
10:   result
10:     Which is: { 50000, 50000, 100000, 100000, 100000, 100000 }
10:   std::vector<int>({100000, 100000, 100000, 100000, 100000})
10:     Which is: { 100000, 100000, 100000, 100000, 100000 }
10: 
10: [  FAILED  ] SubsetSumTest.Test7 (225 ms)
10: [----------] 7 tests from SubsetSumTest (258 ms total)
10: 
10: [----------] Global test environment tear-down
10: [==========] 7 tests from 1 test suite ran. (258 ms total)
10: [  PASSED  ] 6 tests.
10: [  FAILED  ] 1 test, listed below:
10: [  FAILED  ] SubsetSumTest.Test7
10: 
10:  1 FAILED TEST
10/13 Test #10: model6_tests .....................***Failed    0.71 sec
test 11
      Start 11: model7_tests

11: Test command: /Users/ittehad/Documents/Coding/Python/Turing/Tester_cpp_copy/tasks/621206/build/model7_tests
11: Working Directory: /Users/ittehad/Documents/Coding/Python/Turing/Tester_cpp_copy/tasks/621206/build
11: Test timeout computed to be: 5
11: Running main() from /Users/ittehad/Documents/Coding/Python/Turing/Tester_cpp_copy/tasks/621206/build/_deps/googletest-src/googletest/src/gtest_main.cc
11: [==========] Running 7 tests from 1 test suite.
11: [----------] Global test environment set-up.
11: [----------] 7 tests from SubsetSumTest
11: [ RUN      ] SubsetSumTest.Test1
11: [       OK ] SubsetSumTest.Test1 (0 ms)
11: [ RUN      ] SubsetSumTest.Test2
11: [       OK ] SubsetSumTest.Test2 (0 ms)
11: [ RUN      ] SubsetSumTest.Test3
11: [       OK ] SubsetSumTest.Test3 (0 ms)
11: [ RUN      ] SubsetSumTest.Test4
11: [       OK ] SubsetSumTest.Test4 (27 ms)
11: [ RUN      ] SubsetSumTest.Test5
11: [       OK ] SubsetSumTest.Test5 (0 ms)
11: [ RUN      ] SubsetSumTest.Test6
11: [       OK ] SubsetSumTest.Test6 (0 ms)
11: [ RUN      ] SubsetSumTest.Test7
11: /Users/ittehad/Documents/Coding/Python/Turing/Tester_cpp_copy/tasks/621206/tests/test_model.cpp:55: Failure
11: Expected equality of these values:
11:   result
11:     Which is: { 50000, 50000, 100000, 100000, 100000, 100000 }
11:   std::vector<int>({100000, 100000, 100000, 100000, 100000})
11:     Which is: { 100000, 100000, 100000, 100000, 100000 }
11: 
11: [  FAILED  ] SubsetSumTest.Test7 (180 ms)
11: [----------] 7 tests from SubsetSumTest (208 ms total)
11: 
11: [----------] Global test environment tear-down
11: [==========] 7 tests from 1 test suite ran. (208 ms total)
11: [  PASSED  ] 6 tests.
11: [  FAILED  ] 1 test, listed below:
11: [  FAILED  ] SubsetSumTest.Test7
11: 
11:  1 FAILED TEST
11/13 Test #11: model7_tests .....................***Failed    1.49 sec
test 12
      Start 12: model8_tests

12: Test command: /Users/ittehad/Documents/Coding/Python/Turing/Tester_cpp_copy/tasks/621206/build/model8_tests
12: Working Directory: /Users/ittehad/Documents/Coding/Python/Turing/Tester_cpp_copy/tasks/621206/build
12: Test timeout computed to be: 5
12: Running main() from /Users/ittehad/Documents/Coding/Python/Turing/Tester_cpp_copy/tasks/621206/build/_deps/googletest-src/googletest/src/gtest_main.cc
12: [==========] Running 7 tests from 1 test suite.
12: [----------] Global test environment set-up.
12: [----------] 7 tests from SubsetSumTest
12: [ RUN      ] SubsetSumTest.Test1
12: [       OK ] SubsetSumTest.Test1 (0 ms)
12: [ RUN      ] SubsetSumTest.Test2
12: [       OK ] SubsetSumTest.Test2 (0 ms)
12: [ RUN      ] SubsetSumTest.Test3
12: [       OK ] SubsetSumTest.Test3 (0 ms)
12: [ RUN      ] SubsetSumTest.Test4
12: [       OK ] SubsetSumTest.Test4 (12 ms)
12: [ RUN      ] SubsetSumTest.Test5
12: [       OK ] SubsetSumTest.Test5 (0 ms)
12: [ RUN      ] SubsetSumTest.Test6
12: [       OK ] SubsetSumTest.Test6 (0 ms)
12: [ RUN      ] SubsetSumTest.Test7
12: /Users/ittehad/Documents/Coding/Python/Turing/Tester_cpp_copy/tasks/621206/tests/test_model.cpp:55: Failure
12: Expected equality of these values:
12:   result
12:     Which is: { 50000, 50000, 100000, 100000, 100000, 100000 }
12:   std::vector<int>({100000, 100000, 100000, 100000, 100000})
12:     Which is: { 100000, 100000, 100000, 100000, 100000 }
12: 
12: [  FAILED  ] SubsetSumTest.Test7 (82 ms)
12: [----------] 7 tests from SubsetSumTest (94 ms total)
12: 
12: [----------] Global test environment tear-down
12: [==========] 7 tests from 1 test suite ran. (95 ms total)
12: [  PASSED  ] 6 tests.
12: [  FAILED  ] 1 test, listed below:
12: [  FAILED  ] SubsetSumTest.Test7
12: 
12:  1 FAILED TEST
12/13 Test #12: model8_tests .....................***Failed    1.15 sec
test 13
      Start 13: model9_tests

13: Test command: /Users/ittehad/Documents/Coding/Python/Turing/Tester_cpp_copy/tasks/621206/build/model9_tests
13: Working Directory: /Users/ittehad/Documents/Coding/Python/Turing/Tester_cpp_copy/tasks/621206/build
13: Test timeout computed to be: 5
13: Running main() from /Users/ittehad/Documents/Coding/Python/Turing/Tester_cpp_copy/tasks/621206/build/_deps/googletest-src/googletest/src/gtest_main.cc
13: [==========] Running 7 tests from 1 test suite.
13: [----------] Global test environment set-up.
13: [----------] 7 tests from SubsetSumTest
13: [ RUN      ] SubsetSumTest.Test1
13: [       OK ] SubsetSumTest.Test1 (0 ms)
13: [ RUN      ] SubsetSumTest.Test2
13: /Users/ittehad/Documents/Coding/Python/Turing/Tester_cpp_copy/tasks/621206/tests/test_model.cpp:18: Failure
13: Expected equality of these values:
13:   result
13:     Which is: { 5, 7 }
13:   std::vector<int>({3, 5})
13:     Which is: { 3, 5 }
13: 
13: [  FAILED  ] SubsetSumTest.Test2 (0 ms)
13: [ RUN      ] SubsetSumTest.Test3
13: /Users/ittehad/Documents/Coding/Python/Turing/Tester_cpp_copy/tasks/621206/tests/test_model.cpp:25: Failure
13: Expected equality of these values:
13:   result
13:     Which is: { 2, 5 }
13:   std::vector<int>({5})
13:     Which is: { 5 }
13: 
13: [  FAILED  ] SubsetSumTest.Test3 (0 ms)
13: [ RUN      ] SubsetSumTest.Test4
13: /Users/ittehad/Documents/Coding/Python/Turing/Tester_cpp_copy/tasks/621206/tests/test_model.cpp:32: Failure
13: Expected equality of these values:
13:   result
13:     Which is: { 25000, 50000, 100000 }
13:   std::vector<int>({100000})
13:     Which is: { 100000 }
13: 
13: [  FAILED  ] SubsetSumTest.Test4 (16 ms)
13: [ RUN      ] SubsetSumTest.Test5
13: /Users/ittehad/DocumenErrors while running CTest
Output from these tests are in: /Users/ittehad/Documents/Coding/Python/Turing/Tester_cpp_copy/tasks/621206/build/Testing/Temporary/LastTest.log
Use "--rerun-failed --output-on-failure" to re-run the failed cases verbosely.
ts/Coding/Python/Turing/Tester_cpp_copy/tasks/621206/tests/test_model.cpp:40: Failure
13: Expected equality of these values:
13:   result
13:     Which is: { 4, 5 }
13:   std::vector<int>({1, 3, 5})
13:     Which is: { 1, 3, 5 }
13: 
13: [  FAILED  ] SubsetSumTest.Test5 (0 ms)
13: [ RUN      ] SubsetSumTest.Test6
13: /Users/ittehad/Documents/Coding/Python/Turing/Tester_cpp_copy/tasks/621206/tests/test_model.cpp:47: Failure
13: Expected equality of these values:
13:   result
13:     Which is: { 30 }
13:   std::vector<int>({20})
13:     Which is: { 20 }
13: 
13: [  FAILED  ] SubsetSumTest.Test6 (0 ms)
13: [ RUN      ] SubsetSumTest.Test7
13: /Users/ittehad/Documents/Coding/Python/Turing/Tester_cpp_copy/tasks/621206/tests/test_model.cpp:55: Failure
13: Expected equality of these values:
13:   result
13:     Which is: { 50000, 50000, 100000, 100000, 100000, 100000 }
13:   std::vector<int>({100000, 100000, 100000, 100000, 100000})
13:     Which is: { 100000, 100000, 100000, 100000, 100000 }
13: 
13: [  FAILED  ] SubsetSumTest.Test7 (131 ms)
13: [----------] 7 tests from SubsetSumTest (148 ms total)
13: 
13: [----------] Global test environment tear-down
13: [==========] 7 tests from 1 test suite ran. (148 ms total)
13: [  PASSED  ] 1 test.
13: [  FAILED  ] 6 tests, listed below:
13: [  FAILED  ] SubsetSumTest.Test2
13: [  FAILED  ] SubsetSumTest.Test3
13: [  FAILED  ] SubsetSumTest.Test4
13: [  FAILED  ] SubsetSumTest.Test5
13: [  FAILED  ] SubsetSumTest.Test6
13: [  FAILED  ] SubsetSumTest.Test7
13: 
13:  6 FAILED TESTS
13/13 Test #13: model9_tests .....................***Failed    0.84 sec

8% tests passed, 12 tests failed out of 13

Total Test time (real) =  10.72 sec

The following tests FAILED:
	  1 - base_code_tests (Failed)
	  3 - incorrect_response_tests (Failed)
	  4 - model1_tests (Failed)
	  5 - model10_tests (Failed)
	  6 - model2_tests (Failed)
	  7 - model3_tests (Failed)
	  8 - model4_tests (Failed)
	  9 - model5_tests (Failed)
	 10 - model6_tests (Failed)
	 11 - model7_tests (Failed)
	 12 - model8_tests (Failed)
	 13 - model9_tests (Failed)
Test project /Users/ittehad/Documents/Coding/Python/Turing/Tester_cpp_copy/tasks/621206/build
      Start  1: base_code_tests
 1/13 Test  #1: base_code_tests ..................***Failed    0.20 sec
      Start  2: correct_response_tests
 2/13 Test  #2: correct_response_tests ...........   Passed    0.10 sec
      Start  3: incorrect_response_tests
 3/13 Test  #3: incorrect_response_tests .........***Failed    0.09 sec
      Start  4: model1_tests
 4/13 Test  #4: model1_tests .....................***Failed    0.09 sec
      Start  5: model10_tests
 5/13 Test  #5: model10_tests ....................***Failed    0.72 sec
      Start  6: model2_tests
 6/13 Test  #6: model2_tests .....................***Failed    0.09 sec
      Start  7: model3_tests
 7/13 Test  #7: model3_tests .....................***Failed    0.20 sec
      Start  8: model4_tests
 8/13 Test  #8: model4_tests .....................***Failed    0.09 sec
      Start  9: model5_tests
 9/13 Test  #9: model5_tests .....................***Failed    0.20 sec
      Start 10: model6_tests
10/13 Test #10: model6_tests .....................***Failed    0.24 sec
      Start 11: model7_tests
11/13 Test #11: model7_tests .....................***Failed    0.19 sec
      Start 12: model8_tests
12/13 Test #12: model8_tests .....................***Failed    0.09 sec
      Start 13: model9_tests
13/13 Test #13: model9_tests .....................***Failed    0.09 sec

8% tests passed, 12 tests failed out of 13

Total Test time (real) =   2.39 sec

The following tests FAILED:
	  1 - base_code_tests (Failed)
	  3 - incorrect_response_tests (Failed)
	  4 - model1_tests (Failed)
	  5 - model10_tests (Failed)
	  6 - model2_tests (Failed)
	  7 - model3_tests (Failed)
	  8 - model4_tests (Failed)
	  9 - model5_tests (Failed)
	 10 - model6_tests (Failed)
	 11 - model7_tests (Failed)
	 12 - model8_tests (Failed)
	 13 - model9_tests (Failed)
Errors while running CTest
Output from these tests are in: /Users/ittehad/Documents/Coding/Python/Turing/Tester_cpp_copy/tasks/621206/build/Testing/Temporary/LastTest.log
Use "--rerun-failed --output-on-failure" to re-run the failed cases verbosely.
